<?xml version="1.0" encoding="UTF-8"?>
<!-- Generated by org.testng.reporters.JUnitXMLReporter -->
<testsuite ignored="0" hostname="LAPTOP-CQ4SEIPQ" failures="1" tests="4" name="Unit Test Report (Author Application)" time="39.499" errors="0" timestamp="30 Mar 2018 03:46:09 GMT">
  <testcase classname="UnitTests.Author_Application" name="Verify_Author_URL" time="3.544"/>
  <testcase classname="UnitTests.Author_Application" name="Verify_Author_Title" time="3.675"/>
  <testcase classname="UnitTests.Author_Application" name="Positive_Author_Login" time="7.467"/>
  <testcase classname="UnitTests.Author_Application" name="Negative_Author_Login" time="7.507">
    <failure type="java.lang.AssertionError" message="expected [true] but found [false]">
      <![CDATA[java.lang.AssertionError: expected [true] but found [false]
	at UnitTests.Author_Application.Negative_Author_Login(Author_Application.java:51)
... Removed 29 stack frames]]>
    </failure>
  </testcase> <!-- Negative_Author_Login -->
</testsuite> <!-- Unit Test Report (Author Application) -->
